<?xml version="1.0" encoding="UTF-8"?>
<!-- Generated by org.testng.reporters.JUnitXMLReporter -->
<testsuite ignored="2" hostname="DESKTOP-7L9P3UR" failures="0" tests="1" name="Default test" time="0.075" errors="0" timestamp="2022-05-10T17:36:23 IST">
  <testcase classname="com.crm.comcast.vtiger_Maven.SampleContactsTest" name="CreateContactTest" time="0.011"/>
  <testcase classname="com.crm.comcast.vtiger_Maven.SampleContactsTest" name="DeleteContactTest" time="0.0">
    <ignored/>
  </testcase> <!-- DeleteContactTest -->
  <testcase classname="com.crm.comcast.vtiger_Maven.SampleContactsTest" name="ModifyContactTest" time="0.0">
    <ignored/>
  </testcase> <!-- ModifyContactTest -->
</testsuite> <!-- Default test -->
