<?xml version="1.0" encoding="UTF-8"?>
<!-- Generated by org.testng.reporters.JUnitXMLReporter -->
<testsuite ignored="2" hostname="DESKTOP-7L9P3UR" failures="0" tests="1" name="Default test" time="0.175" errors="0" timestamp="2022-05-11T17:14:08 IST">
  <testcase classname="com.crm.comcast.vtiger_Maven.SampleCampaignsTest" name="CreateCampaignTest" time="0.072"/>
  <testcase classname="com.crm.comcast.vtiger_Maven.SampleCampaignsTest" name="ModifyCampaignTest" time="0.0">
    <ignored/>
  </testcase> <!-- ModifyCampaignTest -->
  <testcase classname="com.crm.comcast.vtiger_Maven.SampleCampaignsTest" name="DeleteCampaignTest" time="0.0">
    <ignored/>
  </testcase> <!-- DeleteCampaignTest -->
</testsuite> <!-- Default test -->
