<?xml version="1.0" encoding="UTF-8"?>
<!-- Generated by org.testng.reporters.JUnitXMLReporter -->
<testsuite ignored="9" hostname="DESKTOP-7L9P3UR" failures="0" tests="0" time="0.013" errors="0" timestamp="2022-05-10T17:00:51 IST">
  <testcase classname="com.crm.comcast.vtiger_Maven.SampleCampaignsTest" name="ModifyCampaignTest" time="0.0">
    <ignored/>
  </testcase> <!-- ModifyCampaignTest -->
  <testcase classname="com.crm.comcast.vtiger_Maven.SampleOrganizationsTest" name="CreateOrganizationTest" time="0.0">
    <ignored/>
  </testcase> <!-- CreateOrganizationTest -->
  <testcase classname="com.crm.comcast.vtiger_Maven.SampleContactsTest" name="DeleteContactTest" time="0.0">
    <ignored/>
  </testcase> <!-- DeleteContactTest -->
  <testcase classname="com.crm.comcast.vtiger_Maven.SampleCampaignsTest" name="CreateCampaignTest" time="0.0">
    <ignored/>
  </testcase> <!-- CreateCampaignTest -->
  <testcase classname="com.crm.comcast.vtiger_Maven.SampleCampaignsTest" name="DeleteCampaignTest" time="0.0">
    <ignored/>
  </testcase> <!-- DeleteCampaignTest -->
  <testcase classname="com.crm.comcast.vtiger_Maven.SampleContactsTest" name="ModifyContactTest" time="0.0">
    <ignored/>
  </testcase> <!-- ModifyContactTest -->
  <testcase classname="com.crm.comcast.vtiger_Maven.SampleOrganizationsTest" name="DeleteOrganizationTest" time="0.0">
    <ignored/>
  </testcase> <!-- DeleteOrganizationTest -->
  <testcase classname="com.crm.comcast.vtiger_Maven.SampleOrganizationsTest" name="ModifyOrganizationTest" time="0.0">
    <ignored/>
  </testcase> <!-- ModifyOrganizationTest -->
  <testcase classname="com.crm.comcast.vtiger_Maven.SampleContactsTest" name="CreateContactTest" time="0.0">
    <ignored/>
  </testcase> <!-- CreateContactTest -->
</testsuite>
