<?xml version="1.0" encoding="UTF-8"?>
<testng-results ignored="2" total="3" passed="1" failed="0" skipped="0">
  <reporter-output>
  </reporter-output>
  <suite started-at="2022-05-10T17:36:23 IST" name="Default suite" finished-at="2022-05-10T17:36:23 IST" duration-ms="75">
    <groups>
      <group name="ST">
        <method signature="SampleContactsTest.CreateContactTest()[pri:0, instance:com.crm.comcast.vtiger_Maven.SampleContactsTest@62230c58]" name="CreateContactTest" class="com.crm.comcast.vtiger_Maven.SampleContactsTest"/>
      </group> <!-- ST -->
    </groups>
    <test started-at="2022-05-10T17:36:23 IST" name="Default test" finished-at="2022-05-10T17:36:23 IST" duration-ms="75">
      <class name="com.crm.comcast.vtiger_Maven.SampleContactsTest">
        <test-method signature="CreateContactTest()[pri:0, instance:com.crm.comcast.vtiger_Maven.SampleContactsTest@62230c58]" started-at="2022-05-10T17:36:23 IST" name="CreateContactTest" finished-at="2022-05-10T17:36:23 IST" duration-ms="11" status="PASS">
          <reporter-output>
          </reporter-output>
        </test-method> <!-- CreateContactTest -->
      </class> <!-- com.crm.comcast.vtiger_Maven.SampleContactsTest -->
    </test> <!-- Default test -->
  </suite> <!-- Default suite -->
</testng-results>
