<?xml version="1.0" encoding="UTF-8"?>
<testng-results ignored="2" total="3" passed="1" failed="0" skipped="0">
  <reporter-output>
  </reporter-output>
  <suite started-at="2022-05-11T17:14:07 IST" name="Default suite" finished-at="2022-05-11T17:14:08 IST" duration-ms="175">
    <groups>
      <group name="ST">
        <method signature="SampleCampaignsTest.CreateCampaignTest()[pri:0, instance:com.crm.comcast.vtiger_Maven.SampleCampaignsTest@2cd2a21f]" name="CreateCampaignTest" class="com.crm.comcast.vtiger_Maven.SampleCampaignsTest"/>
      </group> <!-- ST -->
    </groups>
    <test started-at="2022-05-11T17:14:07 IST" name="Default test" finished-at="2022-05-11T17:14:08 IST" duration-ms="175">
      <class name="com.crm.comcast.vtiger_Maven.SampleCampaignsTest">
        <test-method signature="CreateCampaignTest()[pri:0, instance:com.crm.comcast.vtiger_Maven.SampleCampaignsTest@2cd2a21f]" started-at="2022-05-11T17:14:08 IST" name="CreateCampaignTest" finished-at="2022-05-11T17:14:08 IST" duration-ms="72" status="PASS">
          <reporter-output>
          </reporter-output>
        </test-method> <!-- CreateCampaignTest -->
      </class> <!-- com.crm.comcast.vtiger_Maven.SampleCampaignsTest -->
    </test> <!-- Default test -->
  </suite> <!-- Default suite -->
</testng-results>
